<?xml version="1.0" encoding="UTF-8"?>
<!-- Generated by org.testng.reporters.JUnitXMLReporter -->
<testsuite ignored="0" hostname="Dhivakar" failures="0" tests="8" name="Test" time="282.011" errors="0" timestamp="2024-06-08T09:25:35 IST">
  <testcase classname="com.capstoneproject.SignUpAndLogin" name="signUpAndLogin" time="15.307"/>
  <testcase classname="com.capstoneproject.SearchAndAddCart" name="searchAndAddToCart" time="16.515"/>
  <testcase classname="com.capstoneproject.AddBrandFromDepartment" name="addItemFromBrand" time="20.566"/>
  <testcase classname="com.capstoneproject.NavigateAndValidateTitles" name="navigateAndValidateTitle" time="0.15"/>
  <testcase classname="com.capstoneproject.NavigateAndValidateTitles" name="validateBottomLinks" time="0.023"/>
  <testcase classname="com.capstoneproject.AddItemFromDepartment" name="addItemFromDepartment" time="16.404"/>
  <testcase classname="com.capstoneproject.CheckOutAndPayment" name="checkout" time="70.343"/>
  <testcase classname="com.capstoneproject.CheckOutAndPayment" name="verifyOrderPlacement" time="0.0"/>
</testsuite> <!-- Test -->
