<?xml version="1.0" encoding="UTF-8"?>
<testng-results ignored="0" total="8" passed="7" failed="1" skipped="0">
  <reporter-output>
  </reporter-output>
  <suite started-at="2024-06-04T20:42:00 IST" name="Suite" finished-at="2024-06-04T20:45:30 IST" duration-ms="209722">
    <groups>
    </groups>
    <test started-at="2024-06-04T20:42:00 IST" name="Test" finished-at="2024-06-04T20:45:30 IST" duration-ms="209722">
      <class name="com.capstoneproject.AddBrandFromDepartment">
        <test-method is-config="true" signature="setUp(java.lang.String)[pri:0, instance:com.capstoneproject.AddBrandFromDepartment@1d296da]" started-at="2024-06-04T20:43:11 IST" name="setUp" finished-at="2024-06-04T20:43:33 IST" duration-ms="22452" status="PASS">
          <params>
            <param index="0">
              <value>
                <![CDATA[Firefox]]>
              </value>
            </param>
          </params>
          <reporter-output>
          </reporter-output>
        </test-method> <!-- setUp -->
        <test-method signature="addItemFromBrand()[pri:0, instance:com.capstoneproject.AddBrandFromDepartment@1d296da]" started-at="2024-06-04T20:43:33 IST" name="addItemFromBrand" finished-at="2024-06-04T20:43:46 IST" duration-ms="13437" status="PASS">
          <reporter-output>
          </reporter-output>
        </test-method> <!-- addItemFromBrand -->
        <test-method is-config="true" signature="tearDown()[pri:0, instance:com.capstoneproject.AddBrandFromDepartment@1d296da]" started-at="2024-06-04T20:43:46 IST" name="tearDown" finished-at="2024-06-04T20:43:49 IST" duration-ms="2150" status="PASS">
          <reporter-output>
          </reporter-output>
        </test-method> <!-- tearDown -->
      </class> <!-- com.capstoneproject.AddBrandFromDepartment -->
      <class name="com.capstoneproject.SignUpAndLogin">
        <test-method is-config="true" signature="setUp(java.lang.String)[pri:0, instance:com.capstoneproject.SignUpAndLogin@4d5d943d]" started-at="2024-06-04T20:42:00 IST" name="setUp" finished-at="2024-06-04T20:42:31 IST" duration-ms="30700" status="PASS">
          <params>
            <param index="0">
              <value>
                <![CDATA[Firefox]]>
              </value>
            </param>
          </params>
          <reporter-output>
          </reporter-output>
        </test-method> <!-- setUp -->
        <test-method signature="signUpAndLogin()[pri:0, instance:com.capstoneproject.SignUpAndLogin@4d5d943d]" started-at="2024-06-04T20:42:31 IST" name="signUpAndLogin" finished-at="2024-06-04T20:42:45 IST" duration-ms="14118" status="PASS">
          <reporter-output>
          </reporter-output>
        </test-method> <!-- signUpAndLogin -->
        <test-method is-config="true" signature="tearDown()[pri:0, instance:com.capstoneproject.SignUpAndLogin@4d5d943d]" started-at="2024-06-04T20:42:45 IST" name="tearDown" finished-at="2024-06-04T20:42:46 IST" duration-ms="1248" status="PASS">
          <reporter-output>
          </reporter-output>
        </test-method> <!-- tearDown -->
      </class> <!-- com.capstoneproject.SignUpAndLogin -->
      <class name="com.capstoneproject.NavigateAndValidateTitles">
        <test-method is-config="true" signature="setUp(java.lang.String)[pri:0, instance:com.capstoneproject.NavigateAndValidateTitles@7c7a06ec]" started-at="2024-06-04T20:43:49 IST" name="setUp" finished-at="2024-06-04T20:44:02 IST" duration-ms="13054" status="PASS">
          <params>
            <param index="0">
              <value>
                <![CDATA[Firefox]]>
              </value>
            </param>
          </params>
          <reporter-output>
          </reporter-output>
        </test-method> <!-- setUp -->
        <test-method signature="navigateAndValidateTitle()[pri:0, instance:com.capstoneproject.NavigateAndValidateTitles@7c7a06ec]" started-at="2024-06-04T20:44:02 IST" name="navigateAndValidateTitle" finished-at="2024-06-04T20:44:02 IST" duration-ms="129" status="PASS">
          <reporter-output>
          </reporter-output>
        </test-method> <!-- navigateAndValidateTitle -->
        <test-method is-config="true" signature="tearDown()[pri:0, instance:com.capstoneproject.NavigateAndValidateTitles@7c7a06ec]" started-at="2024-06-04T20:44:02 IST" name="tearDown" finished-at="2024-06-04T20:44:03 IST" duration-ms="1431" status="PASS">
          <reporter-output>
          </reporter-output>
        </test-method> <!-- tearDown -->
        <test-method is-config="true" signature="setUp(java.lang.String)[pri:0, instance:com.capstoneproject.NavigateAndValidateTitles@7c7a06ec]" started-at="2024-06-04T20:44:03 IST" name="setUp" finished-at="2024-06-04T20:44:19 IST" duration-ms="15439" status="PASS">
          <params>
            <param index="0">
              <value>
                <![CDATA[Firefox]]>
              </value>
            </param>
          </params>
          <reporter-output>
          </reporter-output>
        </test-method> <!-- setUp -->
        <test-method signature="validateBottomLinks()[pri:0, instance:com.capstoneproject.NavigateAndValidateTitles@7c7a06ec]" started-at="2024-06-04T20:44:19 IST" name="validateBottomLinks" finished-at="2024-06-04T20:44:19 IST" duration-ms="46" status="PASS">
          <reporter-output>
          </reporter-output>
        </test-method> <!-- validateBottomLinks -->
        <test-method is-config="true" signature="tearDown()[pri:0, instance:com.capstoneproject.NavigateAndValidateTitles@7c7a06ec]" started-at="2024-06-04T20:44:19 IST" name="tearDown" finished-at="2024-06-04T20:44:20 IST" duration-ms="1486" status="PASS">
          <reporter-output>
          </reporter-output>
        </test-method> <!-- tearDown -->
      </class> <!-- com.capstoneproject.NavigateAndValidateTitles -->
      <class name="com.capstoneproject.SearchAndAddCart">
        <test-method is-config="true" signature="setUp(java.lang.String)[pri:0, instance:com.capstoneproject.SearchAndAddCart@776aec5c]" started-at="2024-06-04T20:42:46 IST" name="setUp" finished-at="2024-06-04T20:42:54 IST" duration-ms="8009" status="PASS">
          <params>
            <param index="0">
              <value>
                <![CDATA[Firefox]]>
              </value>
            </param>
          </params>
          <reporter-output>
          </reporter-output>
        </test-method> <!-- setUp -->
        <test-method signature="searchAndAddToCart()[pri:0, instance:com.capstoneproject.SearchAndAddCart@776aec5c]" started-at="2024-06-04T20:42:54 IST" name="searchAndAddToCart" finished-at="2024-06-04T20:43:08 IST" duration-ms="14235" status="PASS">
          <reporter-output>
          </reporter-output>
        </test-method> <!-- searchAndAddToCart -->
        <test-method is-config="true" signature="tearDown()[pri:0, instance:com.capstoneproject.SearchAndAddCart@776aec5c]" started-at="2024-06-04T20:43:08 IST" name="tearDown" finished-at="2024-06-04T20:43:11 IST" duration-ms="2279" status="PASS">
          <reporter-output>
          </reporter-output>
        </test-method> <!-- tearDown -->
      </class> <!-- com.capstoneproject.SearchAndAddCart -->
      <class name="com.capstoneproject.CheckOutAndPayment">
        <test-method is-config="true" signature="setUp(java.lang.String)[pri:0, instance:com.capstoneproject.CheckOutAndPayment@557caf28]" started-at="2024-06-04T20:44:51 IST" name="setUp" finished-at="2024-06-04T20:45:09 IST" duration-ms="17846" status="PASS">
          <params>
            <param index="0">
              <value>
                <![CDATA[Firefox]]>
              </value>
            </param>
          </params>
          <reporter-output>
          </reporter-output>
        </test-method> <!-- setUp -->
        <test-method signature="checkout()[pri:0, instance:com.capstoneproject.CheckOutAndPayment@557caf28]" started-at="2024-06-04T20:45:09 IST" name="checkout" finished-at="2024-06-04T20:45:17 IST" duration-ms="8439" status="FAIL">
          <exception class="org.openqa.selenium.NoSuchElementException">
            <message>
              <![CDATA[Unable to locate element: //button[@class='btn btn-lg btn-block btn-primary']
For documentation on this error, please visit: https://www.selenium.dev/documentation/webdriver/troubleshooting/errors#no-such-element-exception
Build info: version: '4.19.0', revision: '5f9cec8963'
System info: os.name: 'Windows 11', os.arch: 'amd64', os.version: '10.0', java.version: '17.0.10'
Driver info: org.openqa.selenium.firefox.FirefoxDriver
Command: [ba51cd4c-9120-4d39-b7e4-9257f143d259, findElement {value=//button[@class='btn btn-lg btn-block btn-primary'], using=xpath}]
Capabilities {acceptInsecureCerts: true, browserName: firefox, browserVersion: 126.0.1, moz:accessibilityChecks: false, moz:buildID: 20240526221752, moz:debuggerAddress: 127.0.0.1:28921, moz:geckodriverVersion: 0.34.0, moz:headless: false, moz:platformVersion: 10.0, moz:processID: 10148, moz:profile: C:\Users\Dell\AppData\Local..., moz:shutdownTimeout: 60000, moz:webdriverClick: true, moz:windowless: false, pageLoadStrategy: normal, platformName: windows, proxy: Proxy(), se:cdp: ws://127.0.0.1:28921/devtoo..., se:cdpVersion: 85.0, setWindowRect: true, strictFileInteractability: false, timeouts: {implicit: 0, pageLoad: 300000, script: 30000}, unhandledPromptBehavior: dismiss and notify, userAgent: Mozilla/5.0 (Windows NT 10....}
Session ID: ba51cd4c-9120-4d39-b7e4-9257f143d259]]>
            </message>
            <full-stacktrace>
              <![CDATA[org.openqa.selenium.NoSuchElementException: Unable to locate element: //button[@class='btn btn-lg btn-block btn-primary']
For documentation on this error, please visit: https://www.selenium.dev/documentation/webdriver/troubleshooting/errors#no-such-element-exception
Build info: version: '4.19.0', revision: '5f9cec8963'
System info: os.name: 'Windows 11', os.arch: 'amd64', os.version: '10.0', java.version: '17.0.10'
Driver info: org.openqa.selenium.firefox.FirefoxDriver
Command: [ba51cd4c-9120-4d39-b7e4-9257f143d259, findElement {value=//button[@class='btn btn-lg btn-block btn-primary'], using=xpath}]
Capabilities {acceptInsecureCerts: true, browserName: firefox, browserVersion: 126.0.1, moz:accessibilityChecks: false, moz:buildID: 20240526221752, moz:debuggerAddress: 127.0.0.1:28921, moz:geckodriverVersion: 0.34.0, moz:headless: false, moz:platformVersion: 10.0, moz:processID: 10148, moz:profile: C:\Users\Dell\AppData\Local..., moz:shutdownTimeout: 60000, moz:webdriverClick: true, moz:windowless: false, pageLoadStrategy: normal, platformName: windows, proxy: Proxy(), se:cdp: ws://127.0.0.1:28921/devtoo..., se:cdpVersion: 85.0, setWindowRect: true, strictFileInteractability: false, timeouts: {implicit: 0, pageLoad: 300000, script: 30000}, unhandledPromptBehavior: dismiss and notify, userAgent: Mozilla/5.0 (Windows NT 10....}
Session ID: ba51cd4c-9120-4d39-b7e4-9257f143d259
at java.base/jdk.internal.reflect.NativeConstructorAccessorImpl.newInstance0(Native Method)
at java.base/jdk.internal.reflect.NativeConstructorAccessorImpl.newInstance(NativeConstructorAccessorImpl.java:77)
at java.base/jdk.internal.reflect.DelegatingConstructorAccessorImpl.newInstance(DelegatingConstructorAccessorImpl.java:45)
at java.base/java.lang.reflect.Constructor.newInstanceWithCaller(Constructor.java:499)
at java.base/java.lang.reflect.Constructor.newInstance(Constructor.java:480)
at org.openqa.selenium.remote.ErrorCodec.decode(ErrorCodec.java:167)
at org.openqa.selenium.remote.codec.w3c.W3CHttpResponseCodec.decode(W3CHttpResponseCodec.java:138)
at org.openqa.selenium.remote.codec.w3c.W3CHttpResponseCodec.decode(W3CHttpResponseCodec.java:50)
at org.openqa.selenium.remote.HttpCommandExecutor.execute(HttpCommandExecutor.java:190)
at org.openqa.selenium.remote.service.DriverCommandExecutor.invokeExecute(DriverCommandExecutor.java:216)
at org.openqa.selenium.remote.service.DriverCommandExecutor.execute(DriverCommandExecutor.java:174)
at org.openqa.selenium.remote.RemoteWebDriver.execute(RemoteWebDriver.java:518)
at org.openqa.selenium.remote.ElementLocation$ElementFinder$2.findElement(ElementLocation.java:165)
at org.openqa.selenium.remote.ElementLocation.findElement(ElementLocation.java:59)
at org.openqa.selenium.remote.RemoteWebDriver.findElement(RemoteWebDriver.java:355)
at org.openqa.selenium.remote.RemoteWebDriver.findElement(RemoteWebDriver.java:349)
at com.capstoneproject.CheckOutAndPayment.checkout(CheckOutAndPayment.java:22)
at java.base/jdk.internal.reflect.NativeMethodAccessorImpl.invoke0(Native Method)
at java.base/jdk.internal.reflect.NativeMethodAccessorImpl.invoke(NativeMethodAccessorImpl.java:77)
at java.base/jdk.internal.reflect.DelegatingMethodAccessorImpl.invoke(DelegatingMethodAccessorImpl.java:43)
at java.base/java.lang.reflect.Method.invoke(Method.java:568)
at org.testng.internal.invokers.MethodInvocationHelper.invokeMethod(MethodInvocationHelper.java:139)
at org.testng.internal.invokers.TestInvoker.invokeMethod(TestInvoker.java:677)
at org.testng.internal.invokers.TestInvoker.invokeTestMethod(TestInvoker.java:221)
at org.testng.internal.invokers.MethodRunner.runInSequence(MethodRunner.java:50)
at org.testng.internal.invokers.TestInvoker$MethodInvocationAgent.invoke(TestInvoker.java:969)
at org.testng.internal.invokers.TestInvoker.invokeTestMethods(TestInvoker.java:194)
at org.testng.internal.invokers.TestMethodWorker.invokeTestMethods(TestMethodWorker.java:148)
at org.testng.internal.invokers.TestMethodWorker.run(TestMethodWorker.java:128)
at java.base/java.util.ArrayList.forEach(ArrayList.java:1511)
at org.testng.TestRunner.privateRun(TestRunner.java:829)
at org.testng.TestRunner.run(TestRunner.java:602)
at org.testng.SuiteRunner.runTest(SuiteRunner.java:437)
at org.testng.SuiteRunner.runSequentially(SuiteRunner.java:431)
at org.testng.SuiteRunner.privateRun(SuiteRunner.java:391)
at org.testng.SuiteRunner.run(SuiteRunner.java:330)
at org.testng.SuiteRunnerWorker.runSuite(SuiteRunnerWorker.java:52)
at org.testng.SuiteRunnerWorker.run(SuiteRunnerWorker.java:95)
at org.testng.TestNG.runSuitesSequentially(TestNG.java:1256)
at org.testng.TestNG.runSuitesLocally(TestNG.java:1176)
at org.testng.TestNG.runSuites(TestNG.java:1099)
at org.testng.TestNG.run(TestNG.java:1067)
at org.testng.remote.AbstractRemoteTestNG.run(AbstractRemoteTestNG.java:115)
at org.testng.remote.RemoteTestNG.initAndRun(RemoteTestNG.java:293)
at org.testng.remote.RemoteTestNG.main(RemoteTestNG.java:91)
]]>
            </full-stacktrace>
          </exception> <!-- org.openqa.selenium.NoSuchElementException -->
          <reporter-output>
          </reporter-output>
        </test-method> <!-- checkout -->
        <test-method is-config="true" signature="tearDown()[pri:0, instance:com.capstoneproject.CheckOutAndPayment@557caf28]" started-at="2024-06-04T20:45:17 IST" name="tearDown" finished-at="2024-06-04T20:45:19 IST" duration-ms="1976" status="PASS">
          <reporter-output>
          </reporter-output>
        </test-method> <!-- tearDown -->
        <test-method is-config="true" signature="setUp(java.lang.String)[pri:0, instance:com.capstoneproject.CheckOutAndPayment@557caf28]" started-at="2024-06-04T20:45:19 IST" name="setUp" finished-at="2024-06-04T20:45:28 IST" duration-ms="8522" status="PASS">
          <params>
            <param index="0">
              <value>
                <![CDATA[Firefox]]>
              </value>
            </param>
          </params>
          <reporter-output>
          </reporter-output>
        </test-method> <!-- setUp -->
        <test-method signature="verifyOrderPlacement()[pri:0, instance:com.capstoneproject.CheckOutAndPayment@557caf28]" started-at="2024-06-04T20:45:28 IST" name="verifyOrderPlacement" finished-at="2024-06-04T20:45:28 IST" duration-ms="2" status="PASS">
          <reporter-output>
          </reporter-output>
        </test-method> <!-- verifyOrderPlacement -->
        <test-method is-config="true" signature="tearDown()[pri:0, instance:com.capstoneproject.CheckOutAndPayment@557caf28]" started-at="2024-06-04T20:45:28 IST" name="tearDown" finished-at="2024-06-04T20:45:30 IST" duration-ms="1738" status="PASS">
          <reporter-output>
          </reporter-output>
        </test-method> <!-- tearDown -->
      </class> <!-- com.capstoneproject.CheckOutAndPayment -->
      <class name="com.capstoneproject.AddItemFromDepartment">
        <test-method is-config="true" signature="setUp(java.lang.String)[pri:0, instance:com.capstoneproject.AddItemFromDepartment@75d4a5c2]" started-at="2024-06-04T20:44:20 IST" name="setUp" finished-at="2024-06-04T20:44:35 IST" duration-ms="15058" status="PASS">
          <params>
            <param index="0">
              <value>
                <![CDATA[Firefox]]>
              </value>
            </param>
          </params>
          <reporter-output>
          </reporter-output>
        </test-method> <!-- setUp -->
        <test-method signature="addItemFromDepartment()[pri:0, instance:com.capstoneproject.AddItemFromDepartment@75d4a5c2]" started-at="2024-06-04T20:44:35 IST" name="addItemFromDepartment" finished-at="2024-06-04T20:44:50 IST" duration-ms="14333" status="PASS">
          <reporter-output>
          </reporter-output>
        </test-method> <!-- addItemFromDepartment -->
        <test-method is-config="true" signature="tearDown()[pri:0, instance:com.capstoneproject.AddItemFromDepartment@75d4a5c2]" started-at="2024-06-04T20:44:50 IST" name="tearDown" finished-at="2024-06-04T20:44:51 IST" duration-ms="1501" status="PASS">
          <reporter-output>
          </reporter-output>
        </test-method> <!-- tearDown -->
      </class> <!-- com.capstoneproject.AddItemFromDepartment -->
    </test> <!-- Test -->
  </suite> <!-- Suite -->
</testng-results>
