<?xml version="1.0" encoding="UTF-8"?>
<testng-results ignored="0" total="8" passed="8" failed="0" skipped="0">
  <reporter-output>
  </reporter-output>
  <suite started-at="2024-06-08T09:20:53 IST" name="Suite" finished-at="2024-06-08T09:25:35 IST" duration-ms="282011">
    <groups>
    </groups>
    <test started-at="2024-06-08T09:20:53 IST" name="Test" finished-at="2024-06-08T09:25:35 IST" duration-ms="282011">
      <class name="com.capstoneproject.AddBrandFromDepartment">
        <test-method is-config="true" signature="setUp(java.lang.String)[pri:0, instance:com.capstoneproject.AddBrandFromDepartment@1d296da]" started-at="2024-06-08T09:21:57 IST" name="setUp" finished-at="2024-06-08T09:22:14 IST" duration-ms="16651" status="PASS">
          <params>
            <param index="0">
              <value>
                <![CDATA[Firefox]]>
              </value>
            </param>
          </params>
          <reporter-output>
          </reporter-output>
        </test-method> <!-- setUp -->
        <test-method signature="addItemFromBrand()[pri:0, instance:com.capstoneproject.AddBrandFromDepartment@1d296da]" started-at="2024-06-08T09:22:14 IST" name="addItemFromBrand" finished-at="2024-06-08T09:22:34 IST" duration-ms="20566" status="PASS">
          <reporter-output>
          </reporter-output>
        </test-method> <!-- addItemFromBrand -->
        <test-method is-config="true" signature="tearDown()[pri:0, instance:com.capstoneproject.AddBrandFromDepartment@1d296da]" started-at="2024-06-08T09:22:34 IST" name="tearDown" finished-at="2024-06-08T09:22:34 IST" duration-ms="0" status="PASS">
          <reporter-output>
          </reporter-output>
        </test-method> <!-- tearDown -->
      </class> <!-- com.capstoneproject.AddBrandFromDepartment -->
      <class name="com.capstoneproject.SignUpAndLogin">
        <test-method is-config="true" signature="setUp(java.lang.String)[pri:0, instance:com.capstoneproject.SignUpAndLogin@4d5d943d]" started-at="2024-06-08T09:20:53 IST" name="setUp" finished-at="2024-06-08T09:21:09 IST" duration-ms="15797" status="PASS">
          <params>
            <param index="0">
              <value>
                <![CDATA[Firefox]]>
              </value>
            </param>
          </params>
          <reporter-output>
          </reporter-output>
        </test-method> <!-- setUp -->
        <test-method signature="signUpAndLogin()[pri:0, instance:com.capstoneproject.SignUpAndLogin@4d5d943d]" started-at="2024-06-08T09:21:09 IST" name="signUpAndLogin" finished-at="2024-06-08T09:21:24 IST" duration-ms="15307" status="PASS">
          <reporter-output>
          </reporter-output>
        </test-method> <!-- signUpAndLogin -->
        <test-method is-config="true" signature="tearDown()[pri:0, instance:com.capstoneproject.SignUpAndLogin@4d5d943d]" started-at="2024-06-08T09:21:24 IST" name="tearDown" finished-at="2024-06-08T09:21:24 IST" duration-ms="2" status="PASS">
          <reporter-output>
          </reporter-output>
        </test-method> <!-- tearDown -->
      </class> <!-- com.capstoneproject.SignUpAndLogin -->
      <class name="com.capstoneproject.NavigateAndValidateTitles">
        <test-method is-config="true" signature="setUp(java.lang.String)[pri:0, instance:com.capstoneproject.NavigateAndValidateTitles@7c7a06ec]" started-at="2024-06-08T09:22:34 IST" name="setUp" finished-at="2024-06-08T09:22:51 IST" duration-ms="16476" status="PASS">
          <params>
            <param index="0">
              <value>
                <![CDATA[Firefox]]>
              </value>
            </param>
          </params>
          <reporter-output>
          </reporter-output>
        </test-method> <!-- setUp -->
        <test-method signature="navigateAndValidateTitle()[pri:0, instance:com.capstoneproject.NavigateAndValidateTitles@7c7a06ec]" started-at="2024-06-08T09:22:51 IST" name="navigateAndValidateTitle" finished-at="2024-06-08T09:22:51 IST" duration-ms="150" status="PASS">
          <reporter-output>
          </reporter-output>
        </test-method> <!-- navigateAndValidateTitle -->
        <test-method is-config="true" signature="tearDown()[pri:0, instance:com.capstoneproject.NavigateAndValidateTitles@7c7a06ec]" started-at="2024-06-08T09:22:51 IST" name="tearDown" finished-at="2024-06-08T09:22:51 IST" duration-ms="34" status="PASS">
          <reporter-output>
          </reporter-output>
        </test-method> <!-- tearDown -->
        <test-method is-config="true" signature="setUp(java.lang.String)[pri:0, instance:com.capstoneproject.NavigateAndValidateTitles@7c7a06ec]" started-at="2024-06-08T09:22:51 IST" name="setUp" finished-at="2024-06-08T09:23:07 IST" duration-ms="16244" status="PASS">
          <params>
            <param index="0">
              <value>
                <![CDATA[Firefox]]>
              </value>
            </param>
          </params>
          <reporter-output>
          </reporter-output>
        </test-method> <!-- setUp -->
        <test-method signature="validateBottomLinks()[pri:0, instance:com.capstoneproject.NavigateAndValidateTitles@7c7a06ec]" started-at="2024-06-08T09:23:07 IST" name="validateBottomLinks" finished-at="2024-06-08T09:23:07 IST" duration-ms="23" status="PASS">
          <reporter-output>
          </reporter-output>
        </test-method> <!-- validateBottomLinks -->
        <test-method is-config="true" signature="tearDown()[pri:0, instance:com.capstoneproject.NavigateAndValidateTitles@7c7a06ec]" started-at="2024-06-08T09:23:07 IST" name="tearDown" finished-at="2024-06-08T09:23:07 IST" duration-ms="1" status="PASS">
          <reporter-output>
          </reporter-output>
        </test-method> <!-- tearDown -->
      </class> <!-- com.capstoneproject.NavigateAndValidateTitles -->
      <class name="com.capstoneproject.SearchAndAddCart">
        <test-method is-config="true" signature="setUp(java.lang.String)[pri:0, instance:com.capstoneproject.SearchAndAddCart@776aec5c]" started-at="2024-06-08T09:21:24 IST" name="setUp" finished-at="2024-06-08T09:21:40 IST" duration-ms="16429" status="PASS">
          <params>
            <param index="0">
              <value>
                <![CDATA[Firefox]]>
              </value>
            </param>
          </params>
          <reporter-output>
          </reporter-output>
        </test-method> <!-- setUp -->
        <test-method signature="searchAndAddToCart()[pri:0, instance:com.capstoneproject.SearchAndAddCart@776aec5c]" started-at="2024-06-08T09:21:40 IST" name="searchAndAddToCart" finished-at="2024-06-08T09:21:57 IST" duration-ms="16515" status="PASS">
          <reporter-output>
          </reporter-output>
        </test-method> <!-- searchAndAddToCart -->
        <test-method is-config="true" signature="tearDown()[pri:0, instance:com.capstoneproject.SearchAndAddCart@776aec5c]" started-at="2024-06-08T09:21:57 IST" name="tearDown" finished-at="2024-06-08T09:21:57 IST" duration-ms="1" status="PASS">
          <reporter-output>
          </reporter-output>
        </test-method> <!-- tearDown -->
      </class> <!-- com.capstoneproject.SearchAndAddCart -->
      <class name="com.capstoneproject.CheckOutAndPayment">
        <test-method is-config="true" signature="setUp(java.lang.String)[pri:0, instance:com.capstoneproject.CheckOutAndPayment@557caf28]" started-at="2024-06-08T09:23:44 IST" name="setUp" finished-at="2024-06-08T09:24:06 IST" duration-ms="22014" status="PASS">
          <params>
            <param index="0">
              <value>
                <![CDATA[Firefox]]>
              </value>
            </param>
          </params>
          <reporter-output>
          </reporter-output>
        </test-method> <!-- setUp -->
        <test-method signature="checkout()[pri:0, instance:com.capstoneproject.CheckOutAndPayment@557caf28]" started-at="2024-06-08T09:24:06 IST" name="checkout" finished-at="2024-06-08T09:25:16 IST" duration-ms="70343" status="PASS">
          <reporter-output>
          </reporter-output>
        </test-method> <!-- checkout -->
        <test-method is-config="true" signature="tearDown()[pri:0, instance:com.capstoneproject.CheckOutAndPayment@557caf28]" started-at="2024-06-08T09:25:16 IST" name="tearDown" finished-at="2024-06-08T09:25:16 IST" duration-ms="1" status="PASS">
          <reporter-output>
          </reporter-output>
        </test-method> <!-- tearDown -->
        <test-method is-config="true" signature="setUp(java.lang.String)[pri:0, instance:com.capstoneproject.CheckOutAndPayment@557caf28]" started-at="2024-06-08T09:25:17 IST" name="setUp" finished-at="2024-06-08T09:25:35 IST" duration-ms="18239" status="PASS">
          <params>
            <param index="0">
              <value>
                <![CDATA[Firefox]]>
              </value>
            </param>
          </params>
          <reporter-output>
          </reporter-output>
        </test-method> <!-- setUp -->
        <test-method signature="verifyOrderPlacement()[pri:0, instance:com.capstoneproject.CheckOutAndPayment@557caf28]" started-at="2024-06-08T09:25:35 IST" name="verifyOrderPlacement" finished-at="2024-06-08T09:25:35 IST" duration-ms="0" status="PASS">
          <reporter-output>
          </reporter-output>
        </test-method> <!-- verifyOrderPlacement -->
        <test-method is-config="true" signature="tearDown()[pri:0, instance:com.capstoneproject.CheckOutAndPayment@557caf28]" started-at="2024-06-08T09:25:35 IST" name="tearDown" finished-at="2024-06-08T09:25:35 IST" duration-ms="0" status="PASS">
          <reporter-output>
          </reporter-output>
        </test-method> <!-- tearDown -->
      </class> <!-- com.capstoneproject.CheckOutAndPayment -->
      <class name="com.capstoneproject.AddItemFromDepartment">
        <test-method is-config="true" signature="setUp(java.lang.String)[pri:0, instance:com.capstoneproject.AddItemFromDepartment@75d4a5c2]" started-at="2024-06-08T09:23:07 IST" name="setUp" finished-at="2024-06-08T09:23:28 IST" duration-ms="20642" status="PASS">
          <params>
            <param index="0">
              <value>
                <![CDATA[Firefox]]>
              </value>
            </param>
          </params>
          <reporter-output>
          </reporter-output>
        </test-method> <!-- setUp -->
        <test-method signature="addItemFromDepartment()[pri:0, instance:com.capstoneproject.AddItemFromDepartment@75d4a5c2]" started-at="2024-06-08T09:23:28 IST" name="addItemFromDepartment" finished-at="2024-06-08T09:23:44 IST" duration-ms="16404" status="PASS">
          <reporter-output>
          </reporter-output>
        </test-method> <!-- addItemFromDepartment -->
        <test-method is-config="true" signature="tearDown()[pri:0, instance:com.capstoneproject.AddItemFromDepartment@75d4a5c2]" started-at="2024-06-08T09:23:44 IST" name="tearDown" finished-at="2024-06-08T09:23:44 IST" duration-ms="1" status="PASS">
          <reporter-output>
          </reporter-output>
        </test-method> <!-- tearDown -->
      </class> <!-- com.capstoneproject.AddItemFromDepartment -->
    </test> <!-- Test -->
  </suite> <!-- Suite -->
</testng-results>
