<?xml version="1.0" encoding="UTF-8"?>
<testng-results ignored="0" total="8" passed="7" failed="1" skipped="0">
  <reporter-output>
  </reporter-output>
  <suite started-at="2024-06-13T13:21:12 IST" name="Suite" finished-at="2024-06-13T13:26:20 IST" duration-ms="307730">
    <groups>
    </groups>
    <test started-at="2024-06-13T13:21:12 IST" name="Test" finished-at="2024-06-13T13:26:20 IST" duration-ms="307730">
      <class name="com.capstoneproject.Pages.NavigateAndValidateTitles">
        <test-method is-config="true" signature="setUp(java.lang.String)[pri:0, instance:com.capstoneproject.Pages.NavigateAndValidateTitles@22555ebf]" started-at="2024-06-13T13:23:26 IST" name="setUp" finished-at="2024-06-13T13:23:35 IST" duration-ms="9673" status="PASS">
          <params>
            <param index="0">
              <value>
                <![CDATA[Firefox]]>
              </value>
            </param>
          </params>
          <reporter-output>
          </reporter-output>
        </test-method> <!-- setUp -->
        <test-method signature="navigateAndValidateTitle()[pri:0, instance:com.capstoneproject.Pages.NavigateAndValidateTitles@22555ebf]" started-at="2024-06-13T13:23:35 IST" name="navigateAndValidateTitle" finished-at="2024-06-13T13:23:36 IST" duration-ms="937" status="PASS">
          <reporter-output>
          </reporter-output>
        </test-method> <!-- navigateAndValidateTitle -->
        <test-method is-config="true" signature="tearDown()[pri:0, instance:com.capstoneproject.Pages.NavigateAndValidateTitles@22555ebf]" started-at="2024-06-13T13:23:36 IST" name="tearDown" finished-at="2024-06-13T13:23:39 IST" duration-ms="2620" status="PASS">
          <reporter-output>
          </reporter-output>
        </test-method> <!-- tearDown -->
        <test-method is-config="true" signature="setUp(java.lang.String)[pri:0, instance:com.capstoneproject.Pages.NavigateAndValidateTitles@22555ebf]" started-at="2024-06-13T13:23:39 IST" name="setUp" finished-at="2024-06-13T13:23:49 IST" duration-ms="9703" status="PASS">
          <params>
            <param index="0">
              <value>
                <![CDATA[Firefox]]>
              </value>
            </param>
          </params>
          <reporter-output>
          </reporter-output>
        </test-method> <!-- setUp -->
        <test-method signature="validateBottomLinks()[pri:0, instance:com.capstoneproject.Pages.NavigateAndValidateTitles@22555ebf]" started-at="2024-06-13T13:23:49 IST" name="validateBottomLinks" finished-at="2024-06-13T13:23:49 IST" duration-ms="135" status="PASS">
          <reporter-output>
          </reporter-output>
        </test-method> <!-- validateBottomLinks -->
        <test-method is-config="true" signature="tearDown()[pri:0, instance:com.capstoneproject.Pages.NavigateAndValidateTitles@22555ebf]" started-at="2024-06-13T13:23:49 IST" name="tearDown" finished-at="2024-06-13T13:23:51 IST" duration-ms="1841" status="PASS">
          <reporter-output>
          </reporter-output>
        </test-method> <!-- tearDown -->
      </class> <!-- com.capstoneproject.Pages.NavigateAndValidateTitles -->
      <class name="com.capstoneproject.Pages.InvalidLoginTest">
        <test-method is-config="true" signature="setUp(java.lang.String)[pri:0, instance:com.capstoneproject.Pages.InvalidLoginTest@292b08d6]" started-at="2024-06-13T13:21:47 IST" name="setUp" finished-at="2024-06-13T13:23:04 IST" duration-ms="76961" status="PASS">
          <params>
            <param index="0">
              <value>
                <![CDATA[Firefox]]>
              </value>
            </param>
          </params>
          <reporter-output>
          </reporter-output>
        </test-method> <!-- setUp -->
        <test-method signature="invalidLogin()[pri:0, instance:com.capstoneproject.Pages.InvalidLoginTest@292b08d6]" started-at="2024-06-13T13:23:04 IST" name="invalidLogin" finished-at="2024-06-13T13:23:24 IST" duration-ms="20280" status="FAIL">
          <exception class="org.openqa.selenium.TimeoutException">
            <message>
              <![CDATA[Expected condition failed: waiting for element to be clickable: By.id: account-menu-account-button (tried for 20 second(s) with 500 milliseconds interval)
Build info: version: '4.19.0', revision: '5f9cec8963'
System info: os.name: 'Windows 11', os.arch: 'amd64', os.version: '10.0', java.version: '17.0.10'
Driver info: org.openqa.selenium.firefox.FirefoxDriver
Capabilities {acceptInsecureCerts: true, browserName: firefox, browserVersion: 127.0, moz:accessibilityChecks: false, moz:buildID: 20240606181944, moz:debuggerAddress: 127.0.0.1:32359, moz:geckodriverVersion: 0.34.0, moz:headless: false, moz:platformVersion: 10.0, moz:processID: 740, moz:profile: C:\Users\Dell\AppData\Local..., moz:shutdownTimeout: 60000, moz:webdriverClick: true, moz:windowless: false, pageLoadStrategy: normal, platformName: windows, proxy: Proxy(), se:cdp: ws://127.0.0.1:32359/devtoo..., se:cdpVersion: 85.0, setWindowRect: true, strictFileInteractability: false, timeouts: {implicit: 0, pageLoad: 300000, script: 30000}, unhandledPromptBehavior: dismiss and notify, userAgent: Mozilla/5.0 (Windows NT 10....}
Session ID: 91c9e05a-0bb4-44c8-a64b-4c9cb77f311e]]>
            </message>
            <full-stacktrace>
              <![CDATA[org.openqa.selenium.TimeoutException: Expected condition failed: waiting for element to be clickable: By.id: account-menu-account-button (tried for 20 second(s) with 500 milliseconds interval)
Build info: version: '4.19.0', revision: '5f9cec8963'
System info: os.name: 'Windows 11', os.arch: 'amd64', os.version: '10.0', java.version: '17.0.10'
Driver info: org.openqa.selenium.firefox.FirefoxDriver
Capabilities {acceptInsecureCerts: true, browserName: firefox, browserVersion: 127.0, moz:accessibilityChecks: false, moz:buildID: 20240606181944, moz:debuggerAddress: 127.0.0.1:32359, moz:geckodriverVersion: 0.34.0, moz:headless: false, moz:platformVersion: 10.0, moz:processID: 740, moz:profile: C:\Users\Dell\AppData\Local..., moz:shutdownTimeout: 60000, moz:webdriverClick: true, moz:windowless: false, pageLoadStrategy: normal, platformName: windows, proxy: Proxy(), se:cdp: ws://127.0.0.1:32359/devtoo..., se:cdpVersion: 85.0, setWindowRect: true, strictFileInteractability: false, timeouts: {implicit: 0, pageLoad: 300000, script: 30000}, unhandledPromptBehavior: dismiss and notify, userAgent: Mozilla/5.0 (Windows NT 10....}
Session ID: 91c9e05a-0bb4-44c8-a64b-4c9cb77f311e
at org.openqa.selenium.support.ui.WebDriverWait.timeoutException(WebDriverWait.java:84)
at org.openqa.selenium.support.ui.FluentWait.until(FluentWait.java:228)
at com.capstoneproject.Pages.InvalidLoginTest.navigateToSignInPage(InvalidLoginTest.java:53)
at com.capstoneproject.Pages.InvalidLoginTest.executeLoginTest(InvalidLoginTest.java:38)
at com.capstoneproject.Pages.InvalidLoginTest.invalidLogin(InvalidLoginTest.java:23)
at java.base/jdk.internal.reflect.NativeMethodAccessorImpl.invoke0(Native Method)
at java.base/jdk.internal.reflect.NativeMethodAccessorImpl.invoke(NativeMethodAccessorImpl.java:77)
at java.base/jdk.internal.reflect.DelegatingMethodAccessorImpl.invoke(DelegatingMethodAccessorImpl.java:43)
at java.base/java.lang.reflect.Method.invoke(Method.java:568)
at org.testng.internal.invokers.MethodInvocationHelper.invokeMethod(MethodInvocationHelper.java:139)
at org.testng.internal.invokers.TestInvoker.invokeMethod(TestInvoker.java:677)
at org.testng.internal.invokers.TestInvoker.invokeTestMethod(TestInvoker.java:221)
at org.testng.internal.invokers.MethodRunner.runInSequence(MethodRunner.java:50)
at org.testng.internal.invokers.TestInvoker$MethodInvocationAgent.invoke(TestInvoker.java:969)
at org.testng.internal.invokers.TestInvoker.invokeTestMethods(TestInvoker.java:194)
at org.testng.internal.invokers.TestMethodWorker.invokeTestMethods(TestMethodWorker.java:148)
at org.testng.internal.invokers.TestMethodWorker.run(TestMethodWorker.java:128)
at java.base/java.util.ArrayList.forEach(ArrayList.java:1511)
at org.testng.TestRunner.privateRun(TestRunner.java:829)
at org.testng.TestRunner.run(TestRunner.java:602)
at org.testng.SuiteRunner.runTest(SuiteRunner.java:437)
at org.testng.SuiteRunner.runSequentially(SuiteRunner.java:431)
at org.testng.SuiteRunner.privateRun(SuiteRunner.java:391)
at org.testng.SuiteRunner.run(SuiteRunner.java:330)
at org.testng.SuiteRunnerWorker.runSuite(SuiteRunnerWorker.java:52)
at org.testng.SuiteRunnerWorker.run(SuiteRunnerWorker.java:95)
at org.testng.TestNG.runSuitesSequentially(TestNG.java:1256)
at org.testng.TestNG.runSuitesLocally(TestNG.java:1176)
at org.testng.TestNG.runSuites(TestNG.java:1099)
at org.testng.TestNG.run(TestNG.java:1067)
at org.testng.remote.AbstractRemoteTestNG.run(AbstractRemoteTestNG.java:115)
at org.testng.remote.RemoteTestNG.initAndRun(RemoteTestNG.java:293)
at org.testng.remote.RemoteTestNG.main(RemoteTestNG.java:91)
]]>
            </full-stacktrace>
          </exception> <!-- org.openqa.selenium.TimeoutException -->
          <reporter-output>
          </reporter-output>
        </test-method> <!-- invalidLogin -->
        <test-method is-config="true" signature="tearDown()[pri:0, instance:com.capstoneproject.Pages.InvalidLoginTest@292b08d6]" started-at="2024-06-13T13:23:24 IST" name="tearDown" finished-at="2024-06-13T13:23:26 IST" duration-ms="1798" status="PASS">
          <reporter-output>
          </reporter-output>
        </test-method> <!-- tearDown -->
      </class> <!-- com.capstoneproject.Pages.InvalidLoginTest -->
      <class name="com.capstoneproject.Pages.CheckoutTest">
        <test-method is-config="true" signature="setUp(java.lang.String)[pri:0, instance:com.capstoneproject.Pages.CheckoutTest@3c41ed1d]" started-at="2024-06-13T13:25:17 IST" name="setUp" finished-at="2024-06-13T13:25:25 IST" duration-ms="8409" status="PASS">
          <params>
            <param index="0">
              <value>
                <![CDATA[Firefox]]>
              </value>
            </param>
          </params>
          <reporter-output>
          </reporter-output>
        </test-method> <!-- setUp -->
        <test-method signature="checkout()[pri:0, instance:com.capstoneproject.Pages.CheckoutTest@3c41ed1d]" started-at="2024-06-13T13:25:25 IST" name="checkout" finished-at="2024-06-13T13:26:16 IST" duration-ms="50276" status="PASS">
          <reporter-output>
          </reporter-output>
        </test-method> <!-- checkout -->
        <test-method is-config="true" signature="tearDown()[pri:0, instance:com.capstoneproject.Pages.CheckoutTest@3c41ed1d]" started-at="2024-06-13T13:26:16 IST" name="tearDown" finished-at="2024-06-13T13:26:20 IST" duration-ms="3881" status="PASS">
          <reporter-output>
          </reporter-output>
        </test-method> <!-- tearDown -->
      </class> <!-- com.capstoneproject.Pages.CheckoutTest -->
      <class name="com.capstoneproject.Pages.AddItemFromDepartmentTest">
        <test-method is-config="true" signature="setUp(java.lang.String)[pri:0, instance:com.capstoneproject.Pages.AddItemFromDepartmentTest@34e9fd99]" started-at="2024-06-13T13:24:48 IST" name="setUp" finished-at="2024-06-13T13:25:02 IST" duration-ms="13809" status="PASS">
          <params>
            <param index="0">
              <value>
                <![CDATA[Firefox]]>
              </value>
            </param>
          </params>
          <reporter-output>
          </reporter-output>
        </test-method> <!-- setUp -->
        <test-method signature="addItemFromDepartment()[pri:0, instance:com.capstoneproject.Pages.AddItemFromDepartmentTest@34e9fd99]" started-at="2024-06-13T13:25:02 IST" name="addItemFromDepartment" finished-at="2024-06-13T13:25:15 IST" duration-ms="13158" status="PASS">
          <reporter-output>
          </reporter-output>
        </test-method> <!-- addItemFromDepartment -->
        <test-method is-config="true" signature="tearDown()[pri:0, instance:com.capstoneproject.Pages.AddItemFromDepartmentTest@34e9fd99]" started-at="2024-06-13T13:25:15 IST" name="tearDown" finished-at="2024-06-13T13:25:17 IST" duration-ms="2190" status="PASS">
          <reporter-output>
          </reporter-output>
        </test-method> <!-- tearDown -->
      </class> <!-- com.capstoneproject.Pages.AddItemFromDepartmentTest -->
      <class name="com.capstoneproject.Pages.SearchAndAddCart">
        <test-method is-config="true" signature="setUp(java.lang.String)[pri:0, instance:com.capstoneproject.Pages.SearchAndAddCart@36ebc363]" started-at="2024-06-13T13:23:51 IST" name="setUp" finished-at="2024-06-13T13:24:06 IST" duration-ms="14831" status="PASS">
          <params>
            <param index="0">
              <value>
                <![CDATA[Firefox]]>
              </value>
            </param>
          </params>
          <reporter-output>
          </reporter-output>
        </test-method> <!-- setUp -->
        <test-method signature="searchAndAddToCart()[pri:0, instance:com.capstoneproject.Pages.SearchAndAddCart@36ebc363]" started-at="2024-06-13T13:24:06 IST" name="searchAndAddToCart" finished-at="2024-06-13T13:24:16 IST" duration-ms="9978" status="PASS">
          <reporter-output>
          </reporter-output>
        </test-method> <!-- searchAndAddToCart -->
        <test-method is-config="true" signature="tearDown()[pri:0, instance:com.capstoneproject.Pages.SearchAndAddCart@36ebc363]" started-at="2024-06-13T13:24:16 IST" name="tearDown" finished-at="2024-06-13T13:24:18 IST" duration-ms="2167" status="PASS">
          <reporter-output>
          </reporter-output>
        </test-method> <!-- tearDown -->
      </class> <!-- com.capstoneproject.Pages.SearchAndAddCart -->
      <class name="com.capstoneproject.Pages.AddItemFromBrandTest">
        <test-method is-config="true" signature="setUp(java.lang.String)[pri:0, instance:com.capstoneproject.Pages.AddItemFromBrandTest@45752059]" started-at="2024-06-13T13:24:18 IST" name="setUp" finished-at="2024-06-13T13:24:30 IST" duration-ms="12625" status="PASS">
          <params>
            <param index="0">
              <value>
                <![CDATA[Firefox]]>
              </value>
            </param>
          </params>
          <reporter-output>
          </reporter-output>
        </test-method> <!-- setUp -->
        <test-method signature="addItemFromBrand()[pri:0, instance:com.capstoneproject.Pages.AddItemFromBrandTest@45752059]" started-at="2024-06-13T13:24:30 IST" name="addItemFromBrand" finished-at="2024-06-13T13:24:46 IST" duration-ms="15466" status="PASS">
          <reporter-output>
          </reporter-output>
        </test-method> <!-- addItemFromBrand -->
        <test-method is-config="true" signature="tearDown()[pri:0, instance:com.capstoneproject.Pages.AddItemFromBrandTest@45752059]" started-at="2024-06-13T13:24:46 IST" name="tearDown" finished-at="2024-06-13T13:24:48 IST" duration-ms="2087" status="PASS">
          <reporter-output>
          </reporter-output>
        </test-method> <!-- tearDown -->
      </class> <!-- com.capstoneproject.Pages.AddItemFromBrandTest -->
      <class name="com.capstoneproject.Pages.SignUpAndLogin">
        <test-method is-config="true" signature="setUp(java.lang.String)[pri:0, instance:com.capstoneproject.Pages.SignUpAndLogin@55182842]" started-at="2024-06-13T13:21:12 IST" name="setUp" finished-at="2024-06-13T13:21:25 IST" duration-ms="12598" status="PASS">
          <params>
            <param index="0">
              <value>
                <![CDATA[Firefox]]>
              </value>
            </param>
          </params>
          <reporter-output>
          </reporter-output>
        </test-method> <!-- setUp -->
        <test-method signature="signUpAndLogin()[pri:0, instance:com.capstoneproject.Pages.SignUpAndLogin@55182842]" started-at="2024-06-13T13:21:25 IST" name="signUpAndLogin" finished-at="2024-06-13T13:21:45 IST" duration-ms="19962" status="PASS">
          <reporter-output>
          </reporter-output>
        </test-method> <!-- signUpAndLogin -->
        <test-method is-config="true" signature="tearDown()[pri:0, instance:com.capstoneproject.Pages.SignUpAndLogin@55182842]" started-at="2024-06-13T13:21:45 IST" name="tearDown" finished-at="2024-06-13T13:21:47 IST" duration-ms="2212" status="PASS">
          <reporter-output>
          </reporter-output>
        </test-method> <!-- tearDown -->
      </class> <!-- com.capstoneproject.Pages.SignUpAndLogin -->
    </test> <!-- Test -->
  </suite> <!-- Suite -->
</testng-results>
